apps/android/app/build/intermediates/manifest_merge_blame_file/debug/processDebugMainManifest/manifest-merger-blame-debug-report.txt
1<?xml version="1.0" encoding="utf-8"?>
2<manifest xmlns:android="http://schemas.android.com/apk/res/android"
3    package="com.nativestream.android.debug"
4    android:versionCode="20"
5    android:versionName="1.3.1" >
6
7    <uses-sdk
8        android:minSdkVersion="26"
9        android:targetSdkVersion="35" />
10
11    <!-- Network access (LAN + internet for EPG/streams) -->
12    <uses-permission android:name="android.permission.INTERNET" />
12-->src/main/AndroidManifest.xml:5:5-67
12-->src/main/AndroidManifest.xml:5:22-64
13    <uses-permission android:name="android.permission.ACCESS_NETWORK_STATE" />
13-->src/main/AndroidManifest.xml:6:5-79
13-->src/main/AndroidManifest.xml:6:22-76
14    <uses-permission android:name="android.permission.ACCESS_WIFI_STATE" />
14-->src/main/AndroidManifest.xml:7:5-76
14-->src/main/AndroidManifest.xml:7:22-73
15
16    <!-- PiP (API 26+, already our minSdk) -->
17    <uses-permission android:name="android.permission.FOREGROUND_SERVICE" />
17-->src/main/AndroidManifest.xml:10:5-77
17-->src/main/AndroidManifest.xml:10:22-74
18    <uses-permission android:name="android.permission.FOREGROUND_SERVICE_MEDIA_PLAYBACK" />
18-->src/main/AndroidManifest.xml:11:5-92
18-->src/main/AndroidManifest.xml:11:22-89
19    <uses-permission android:name="android.permission.WAKE_LOCK" />
19-->src/main/AndroidManifest.xml:12:5-68
19-->src/main/AndroidManifest.xml:12:22-65
20
21    <queries>
21-->[com.google.android.gms:play-services-cast-framework:21.5.0] AndroidManifest.xml:10:5-12:15
22        <package android:name="com.google.android.gms.policy_cast_dynamite" />
22-->[com.google.android.gms:play-services-cast-framework:21.5.0] AndroidManifest.xml:11:9-79
22-->[com.google.android.gms:play-services-cast-framework:21.5.0] AndroidManifest.xml:11:18-76
23    </queries>
24
25    <permission
25-->[androidx.core:core:1.16.0] AndroidManifest.xml:22:5-24:47
26        android:name="com.nativestream.android.debug.DYNAMIC_RECEIVER_NOT_EXPORTED_PERMISSION"
26-->[androidx.core:core:1.16.0] AndroidManifest.xml:23:9-81
27        android:protectionLevel="signature" />
27-->[androidx.core:core:1.16.0] AndroidManifest.xml:24:9-44
28
29    <uses-permission android:name="com.nativestream.android.debug.DYNAMIC_RECEIVER_NOT_EXPORTED_PERMISSION" />
29-->[androidx.core:core:1.16.0] AndroidManifest.xml:26:5-97
29-->[androidx.core:core:1.16.0] AndroidManifest.xml:26:22-94
30
31    <application
31-->src/main/AndroidManifest.xml:14:5-53:19
32        android:name="com.nativestream.android.NativeStreamApp"
32-->src/main/AndroidManifest.xml:15:9-40
33        android:allowBackup="false"
33-->src/main/AndroidManifest.xml:16:9-36
34        android:appComponentFactory="androidx.core.app.CoreComponentFactory"
34-->[androidx.core:core:1.16.0] AndroidManifest.xml:28:18-86
35        android:debuggable="true"
36        android:extractNativeLibs="false"
37        android:icon="@mipmap/ic_launcher"
37-->src/main/AndroidManifest.xml:17:9-43
38        android:label="@string/app_name"
38-->src/main/AndroidManifest.xml:18:9-41
39        android:networkSecurityConfig="@xml/network_security_config"
39-->src/main/AndroidManifest.xml:22:9-69
40        android:roundIcon="@mipmap/ic_launcher_round"
40-->src/main/AndroidManifest.xml:19:9-54
41        android:supportsRtl="true"
41-->src/main/AndroidManifest.xml:20:9-35
42        android:theme="@style/Theme.NativeStream" >
42-->src/main/AndroidManifest.xml:21:9-50
43        <activity
43-->src/main/AndroidManifest.xml:24:9-36:20
44            android:name="com.nativestream.android.MainActivity"
44-->src/main/AndroidManifest.xml:25:13-41
45            android:configChanges="keyboard|keyboardHidden|navigation"
45-->src/main/AndroidManifest.xml:27:13-71
46            android:exported="true"
46-->src/main/AndroidManifest.xml:26:13-36
47            android:launchMode="singleTop"
47-->src/main/AndroidManifest.xml:29:13-43
48            android:supportsPictureInPicture="true"
48-->src/main/AndroidManifest.xml:28:13-52
49            android:theme="@style/Theme.NativeStream.Splash"
49-->src/main/AndroidManifest.xml:31:13-61
50            android:windowSoftInputMode="adjustResize" >
50-->src/main/AndroidManifest.xml:30:13-55
51            <intent-filter>
51-->src/main/AndroidManifest.xml:32:13-35:29
52                <action android:name="android.intent.action.MAIN" />
52-->src/main/AndroidManifest.xml:33:17-69
52-->src/main/AndroidManifest.xml:33:25-66
53
54                <category android:name="android.intent.category.LAUNCHER" />
54-->src/main/AndroidManifest.xml:34:17-77
54-->src/main/AndroidManifest.xml:34:27-74
55            </intent-filter>
56        </activity>
57
58        <!-- Media3 background playback service -->
59        <service
59-->src/main/AndroidManifest.xml:39:9-46:19
60            android:name="com.nativestream.android.data.player.NativeStreamPlaybackService"
60-->src/main/AndroidManifest.xml:40:13-68
61            android:exported="true"
61-->src/main/AndroidManifest.xml:41:13-36
62            android:foregroundServiceType="mediaPlayback" >
62-->src/main/AndroidManifest.xml:42:13-58
63            <intent-filter>
63-->src/main/AndroidManifest.xml:43:13-45:29
64                <action android:name="androidx.media3.session.MediaSessionService" />
64-->src/main/AndroidManifest.xml:44:17-86
64-->src/main/AndroidManifest.xml:44:25-83
65            </intent-filter>
66        </service>
67
68        <!-- Chromecast -->
69        <meta-data
69-->src/main/AndroidManifest.xml:49:9-51:86
70            android:name="com.google.android.gms.cast.framework.OPTIONS_PROVIDER_CLASS_NAME"
70-->src/main/AndroidManifest.xml:50:13-93
71            android:value="com.nativestream.android.data.cast.CastOptionsProvider" />
71-->src/main/AndroidManifest.xml:51:13-83
72
73        <receiver
73-->[com.google.android.gms:play-services-cast-framework:21.5.0] AndroidManifest.xml:15:9-125
74            android:name="com.google.android.gms.cast.framework.media.MediaIntentReceiver"
74-->[com.google.android.gms:play-services-cast-framework:21.5.0] AndroidManifest.xml:15:19-97
75            android:exported="false" />
75-->[com.google.android.gms:play-services-cast-framework:21.5.0] AndroidManifest.xml:15:98-122
76
77        <service
77-->[com.google.android.gms:play-services-cast-framework:21.5.0] AndroidManifest.xml:17:9-118
78            android:name="com.google.android.gms.cast.framework.ReconnectionService"
78-->[com.google.android.gms:play-services-cast-framework:21.5.0] AndroidManifest.xml:17:18-90
79            android:exported="false" />
79-->[com.google.android.gms:play-services-cast-framework:21.5.0] AndroidManifest.xml:17:91-115
80
81        <activity
81-->[com.google.android.gms:play-services-base:18.5.0] AndroidManifest.xml:5:9-173
82            android:name="com.google.android.gms.common.api.GoogleApiActivity"
82-->[com.google.android.gms:play-services-base:18.5.0] AndroidManifest.xml:5:19-85
83            android:exported="false"
83-->[com.google.android.gms:play-services-base:18.5.0] AndroidManifest.xml:5:146-170
84            android:theme="@android:style/Theme.Translucent.NoTitleBar" />
84-->[com.google.android.gms:play-services-base:18.5.0] AndroidManifest.xml:5:86-145
85
86        <meta-data
86-->[com.google.android.gms:play-services-basement:18.4.0] AndroidManifest.xml:6:9-122
87            android:name="com.google.android.gms.version"
87-->[com.google.android.gms:play-services-basement:18.4.0] AndroidManifest.xml:6:20-65
88            android:value="@integer/google_play_services_version" />
88-->[com.google.android.gms:play-services-basement:18.4.0] AndroidManifest.xml:6:66-119
89
90        <activity
90-->[androidx.compose.ui:ui-tooling-android:1.11.2] AndroidManifest.xml:23:9-25:39
91            android:name="androidx.compose.ui.tooling.PreviewActivity"
91-->[androidx.compose.ui:ui-tooling-android:1.11.2] AndroidManifest.xml:24:13-71
92            android:exported="true" />
92-->[androidx.compose.ui:ui-tooling-android:1.11.2] AndroidManifest.xml:25:13-36
93
94        <provider
94-->[androidx.emoji2:emoji2:1.4.0] AndroidManifest.xml:24:9-32:20
95            android:name="androidx.startup.InitializationProvider"
95-->[androidx.emoji2:emoji2:1.4.0] AndroidManifest.xml:25:13-67
96            android:authorities="com.nativestream.android.debug.androidx-startup"
96-->[androidx.emoji2:emoji2:1.4.0] AndroidManifest.xml:26:13-68
97            android:exported="false" >
97-->[androidx.emoji2:emoji2:1.4.0] AndroidManifest.xml:27:13-37
98            <meta-data
98-->[androidx.emoji2:emoji2:1.4.0] AndroidManifest.xml:29:13-31:52
99                android:name="androidx.emoji2.text.EmojiCompatInitializer"
99-->[androidx.emoji2:emoji2:1.4.0] AndroidManifest.xml:30:17-75
100                android:value="androidx.startup" />
100-->[androidx.emoji2:emoji2:1.4.0] AndroidManifest.xml:31:17-49
101            <meta-data
101-->[androidx.lifecycle:lifecycle-process:2.9.4] AndroidManifest.xml:29:13-31:52
102                android:name="androidx.lifecycle.ProcessLifecycleInitializer"
102-->[androidx.lifecycle:lifecycle-process:2.9.4] AndroidManifest.xml:30:17-78
103                android:value="androidx.startup" />
103-->[androidx.lifecycle:lifecycle-process:2.9.4] AndroidManifest.xml:31:17-49
104            <meta-data
104-->[androidx.profileinstaller:profileinstaller:1.4.0] AndroidManifest.xml:29:13-31:52
105                android:name="androidx.profileinstaller.ProfileInstallerInitializer"
105-->[androidx.profileinstaller:profileinstaller:1.4.0] AndroidManifest.xml:30:17-85
106                android:value="androidx.startup" />
106-->[androidx.profileinstaller:profileinstaller:1.4.0] AndroidManifest.xml:31:17-49
107        </provider>
108
109        <uses-library
109-->[androidx.window:window:1.5.0] AndroidManifest.xml:23:9-25:40
110            android:name="androidx.window.extensions"
110-->[androidx.window:window:1.5.0] AndroidManifest.xml:24:13-54
111            android:required="false" />
111-->[androidx.window:window:1.5.0] AndroidManifest.xml:25:13-37
112        <uses-library
112-->[androidx.window:window:1.5.0] AndroidManifest.xml:26:9-28:40
113            android:name="androidx.window.sidecar"
113-->[androidx.window:window:1.5.0] AndroidManifest.xml:27:13-51
114            android:required="false" />
114-->[androidx.window:window:1.5.0] AndroidManifest.xml:28:13-37
115
116        <activity
116-->[androidx.compose.ui:ui-test-manifest:1.11.2] AndroidManifest.xml:23:9-26:79
117            android:name="androidx.activity.ComponentActivity"
117-->[androidx.compose.ui:ui-test-manifest:1.11.2] AndroidManifest.xml:24:13-63
118            android:exported="true"
118-->[androidx.compose.ui:ui-test-manifest:1.11.2] AndroidManifest.xml:25:13-36
119            android:theme="@android:style/Theme.Material.Light.NoActionBar" />
119-->[androidx.compose.ui:ui-test-manifest:1.11.2] AndroidManifest.xml:26:13-76
120
121        <receiver
121-->[androidx.profileinstaller:profileinstaller:1.4.0] AndroidManifest.xml:34:9-52:20
122            android:name="androidx.profileinstaller.ProfileInstallReceiver"
122-->[androidx.profileinstaller:profileinstaller:1.4.0] AndroidManifest.xml:35:13-76
123            android:directBootAware="false"
123-->[androidx.profileinstaller:profileinstaller:1.4.0] AndroidManifest.xml:36:13-44
124            android:enabled="true"
124-->[androidx.profileinstaller:profileinstaller:1.4.0] AndroidManifest.xml:37:13-35
125            android:exported="true"
125-->[androidx.profileinstaller:profileinstaller:1.4.0] AndroidManifest.xml:38:13-36
126            android:permission="android.permission.DUMP" >
126-->[androidx.profileinstaller:profileinstaller:1.4.0] AndroidManifest.xml:39:13-57
127            <intent-filter>
127-->[androidx.profileinstaller:profileinstaller:1.4.0] AndroidManifest.xml:40:13-42:29
128                <action android:name="androidx.profileinstaller.action.INSTALL_PROFILE" />
128-->[androidx.profileinstaller:profileinstaller:1.4.0] AndroidManifest.xml:41:17-91
128-->[androidx.profileinstaller:profileinstaller:1.4.0] AndroidManifest.xml:41:25-88
129            </intent-filter>
130            <intent-filter>
130-->[androidx.profileinstaller:profileinstaller:1.4.0] AndroidManifest.xml:43:13-45:29
131                <action android:name="androidx.profileinstaller.action.SKIP_FILE" />
131-->[androidx.profileinstaller:profileinstaller:1.4.0] AndroidManifest.xml:44:17-85
131-->[androidx.profileinstaller:profileinstaller:1.4.0] AndroidManifest.xml:44:25-82
132            </intent-filter>
133            <intent-filter>
133-->[androidx.profileinstaller:profileinstaller:1.4.0] AndroidManifest.xml:46:13-48:29
134                <action android:name="androidx.profileinstaller.action.SAVE_PROFILE" />
134-->[androidx.profileinstaller:profileinstaller:1.4.0] AndroidManifest.xml:47:17-88
134-->[androidx.profileinstaller:profileinstaller:1.4.0] AndroidManifest.xml:47:25-85
135            </intent-filter>
136            <intent-filter>
136-->[androidx.profileinstaller:profileinstaller:1.4.0] AndroidManifest.xml:49:13-51:29
137                <action android:name="androidx.profileinstaller.action.BENCHMARK_OPERATION" />
137-->[androidx.profileinstaller:profileinstaller:1.4.0] AndroidManifest.xml:50:17-95
137-->[androidx.profileinstaller:profileinstaller:1.4.0] AndroidManifest.xml:50:25-92
138            </intent-filter>
139        </receiver>
140
141        <service
141-->[com.google.android.datatransport:transport-backend-cct:3.1.3] AndroidManifest.xml:29:9-35:19
142            android:name="com.google.android.datatransport.runtime.backends.TransportBackendDiscovery"
142-->[com.google.android.datatransport:transport-backend-cct:3.1.3] AndroidManifest.xml:30:13-103
143            android:exported="false" >
143-->[com.google.android.datatransport:transport-backend-cct:3.1.3] AndroidManifest.xml:31:13-37
144            <meta-data
144-->[com.google.android.datatransport:transport-backend-cct:3.1.3] AndroidManifest.xml:32:13-34:39
145                android:name="backend:com.google.android.datatransport.cct.CctBackendFactory"
145-->[com.google.android.datatransport:transport-backend-cct:3.1.3] AndroidManifest.xml:33:17-94
146                android:value="cct" />
146-->[com.google.android.datatransport:transport-backend-cct:3.1.3] AndroidManifest.xml:34:17-36
147        </service>
148        <service
148-->[com.google.android.datatransport:transport-runtime:3.1.3] AndroidManifest.xml:26:9-30:19
149            android:name="com.google.android.datatransport.runtime.scheduling.jobscheduling.JobInfoSchedulerService"
149-->[com.google.android.datatransport:transport-runtime:3.1.3] AndroidManifest.xml:27:13-117
150            android:exported="false"
150-->[com.google.android.datatransport:transport-runtime:3.1.3] AndroidManifest.xml:28:13-37
151            android:permission="android.permission.BIND_JOB_SERVICE" >
151-->[com.google.android.datatransport:transport-runtime:3.1.3] AndroidManifest.xml:29:13-69
152        </service>
153
154        <receiver
154-->[com.google.android.datatransport:transport-runtime:3.1.3] AndroidManifest.xml:32:9-34:40
155            android:name="com.google.android.datatransport.runtime.scheduling.jobscheduling.AlarmManagerSchedulerBroadcastReceiver"
155-->[com.google.android.datatransport:transport-runtime:3.1.3] AndroidManifest.xml:33:13-132
156            android:exported="false" />
156-->[com.google.android.datatransport:transport-runtime:3.1.3] AndroidManifest.xml:34:13-37
157    </application>
158
159</manifest>